Determining if the pthread_create exist failed with the following output:
Change Dir: /home/sun/SFND_Lidar_Obstacle_Detection/src/quiz/cluster/build/CMakeFiles/CMakeTmp

Run Build Command:"/usr/bin/make" "cmTC_c9c85/fast"
/usr/bin/make -f CMakeFiles/cmTC_c9c85.dir/build.make CMakeFiles/cmTC_c9c85.dir/build
make[1]: 디렉터리 '/home/sun/SFND_Lidar_Obstacle_Detection/src/quiz/cluster/build/CMakeFiles/CMakeTmp' 들어감
Building C object CMakeFiles/cmTC_c9c85.dir/CheckSymbolExists.c.o
/usr/bin/cc    -o CMakeFiles/cmTC_c9c85.dir/CheckSymbolExists.c.o   -c /home/sun/SFND_Lidar_Obstacle_Detection/src/quiz/cluster/build/CMakeFiles/CMakeTmp/CheckSymbolExists.c
Linking C executable cmTC_c9c85
/usr/bin/cmake -E cmake_link_script CMakeFiles/cmTC_c9c85.dir/link.txt --verbose=1
/usr/bin/cc      -rdynamic CMakeFiles/cmTC_c9c85.dir/CheckSymbolExists.c.o  -o cmTC_c9c85 
CMakeFiles/cmTC_c9c85.dir/CheckSymbolExists.c.o: In function `main':
CheckSymbolExists.c:(.text+0x1b): undefined reference to `pthread_create'
collect2: error: ld returned 1 exit status
CMakeFiles/cmTC_c9c85.dir/build.make:97: recipe for target 'cmTC_c9c85' failed
make[1]: *** [cmTC_c9c85] Error 1
make[1]: 디렉터리 '/home/sun/SFND_Lidar_Obstacle_Detection/src/quiz/cluster/build/CMakeFiles/CMakeTmp' 나감
Makefile:126: recipe for target 'cmTC_c9c85/fast' failed
make: *** [cmTC_c9c85/fast] Error 2

File /home/sun/SFND_Lidar_Obstacle_Detection/src/quiz/cluster/build/CMakeFiles/CMakeTmp/CheckSymbolExists.c:
/* */
#include <pthread.h>

int main(int argc, char** argv)
{
  (void)argv;
#ifndef pthread_create
  return ((int*)(&pthread_create))[argc];
#else
  (void)argc;
  return 0;
#endif
}

Determining if the function pthread_create exists in the pthreads failed with the following output:
Change Dir: /home/sun/SFND_Lidar_Obstacle_Detection/src/quiz/cluster/build/CMakeFiles/CMakeTmp

Run Build Command:"/usr/bin/make" "cmTC_ce3e6/fast"
/usr/bin/make -f CMakeFiles/cmTC_ce3e6.dir/build.make CMakeFiles/cmTC_ce3e6.dir/build
make[1]: 디렉터리 '/home/sun/SFND_Lidar_Obstacle_Detection/src/quiz/cluster/build/CMakeFiles/CMakeTmp' 들어감
Building C object CMakeFiles/cmTC_ce3e6.dir/CheckFunctionExists.c.o
/usr/bin/cc   -DCHECK_FUNCTION_EXISTS=pthread_create   -o CMakeFiles/cmTC_ce3e6.dir/CheckFunctionExists.c.o   -c /usr/share/cmake-3.10/Modules/CheckFunctionExists.c
Linking C executable cmTC_ce3e6
/usr/bin/cmake -E cmake_link_script CMakeFiles/cmTC_ce3e6.dir/link.txt --verbose=1
/usr/bin/cc  -DCHECK_FUNCTION_EXISTS=pthread_create    -rdynamic CMakeFiles/cmTC_ce3e6.dir/CheckFunctionExists.c.o  -o cmTC_ce3e6 -lpthreads 
/usr/bin/ld: cannot find -lpthreads
collect2: error: ld returned 1 exit status
CMakeFiles/cmTC_ce3e6.dir/build.make:97: recipe for target 'cmTC_ce3e6' failed
make[1]: *** [cmTC_ce3e6] Error 1
make[1]: 디렉터리 '/home/sun/SFND_Lidar_Obstacle_Detection/src/quiz/cluster/build/CMakeFiles/CMakeTmp' 나감
Makefile:126: recipe for target 'cmTC_ce3e6/fast' failed
make: *** [cmTC_ce3e6/fast] Error 2


