Determining if the pthread_create exist failed with the following output:
Change Dir: /home/sun/SFND_Lidar_Obstacle_Detection/src/quiz/ransac/build/CMakeFiles/CMakeTmp

Run Build Command:"/usr/bin/make" "cmTC_b979b/fast"
/usr/bin/make -f CMakeFiles/cmTC_b979b.dir/build.make CMakeFiles/cmTC_b979b.dir/build
make[1]: 디렉터리 '/home/sun/SFND_Lidar_Obstacle_Detection/src/quiz/ransac/build/CMakeFiles/CMakeTmp' 들어감
Building C object CMakeFiles/cmTC_b979b.dir/CheckSymbolExists.c.o
/usr/bin/cc    -o CMakeFiles/cmTC_b979b.dir/CheckSymbolExists.c.o   -c /home/sun/SFND_Lidar_Obstacle_Detection/src/quiz/ransac/build/CMakeFiles/CMakeTmp/CheckSymbolExists.c
Linking C executable cmTC_b979b
/usr/bin/cmake -E cmake_link_script CMakeFiles/cmTC_b979b.dir/link.txt --verbose=1
/usr/bin/cc      -rdynamic CMakeFiles/cmTC_b979b.dir/CheckSymbolExists.c.o  -o cmTC_b979b 
CMakeFiles/cmTC_b979b.dir/CheckSymbolExists.c.o: In function `main':
CheckSymbolExists.c:(.text+0x1b): undefined reference to `pthread_create'
collect2: error: ld returned 1 exit status
CMakeFiles/cmTC_b979b.dir/build.make:97: recipe for target 'cmTC_b979b' failed
make[1]: *** [cmTC_b979b] Error 1
make[1]: 디렉터리 '/home/sun/SFND_Lidar_Obstacle_Detection/src/quiz/ransac/build/CMakeFiles/CMakeTmp' 나감
Makefile:126: recipe for target 'cmTC_b979b/fast' failed
make: *** [cmTC_b979b/fast] Error 2

File /home/sun/SFND_Lidar_Obstacle_Detection/src/quiz/ransac/build/CMakeFiles/CMakeTmp/CheckSymbolExists.c:
/* */
#include <pthread.h>

int main(int argc, char** argv)
{
  (void)argv;
#ifndef pthread_create
  return ((int*)(&pthread_create))[argc];
#else
  (void)argc;
  return 0;
#endif
}

Determining if the function pthread_create exists in the pthreads failed with the following output:
Change Dir: /home/sun/SFND_Lidar_Obstacle_Detection/src/quiz/ransac/build/CMakeFiles/CMakeTmp

Run Build Command:"/usr/bin/make" "cmTC_0ef8c/fast"
/usr/bin/make -f CMakeFiles/cmTC_0ef8c.dir/build.make CMakeFiles/cmTC_0ef8c.dir/build
make[1]: 디렉터리 '/home/sun/SFND_Lidar_Obstacle_Detection/src/quiz/ransac/build/CMakeFiles/CMakeTmp' 들어감
Building C object CMakeFiles/cmTC_0ef8c.dir/CheckFunctionExists.c.o
/usr/bin/cc   -DCHECK_FUNCTION_EXISTS=pthread_create   -o CMakeFiles/cmTC_0ef8c.dir/CheckFunctionExists.c.o   -c /usr/share/cmake-3.10/Modules/CheckFunctionExists.c
Linking C executable cmTC_0ef8c
/usr/bin/cmake -E cmake_link_script CMakeFiles/cmTC_0ef8c.dir/link.txt --verbose=1
/usr/bin/cc  -DCHECK_FUNCTION_EXISTS=pthread_create    -rdynamic CMakeFiles/cmTC_0ef8c.dir/CheckFunctionExists.c.o  -o cmTC_0ef8c -lpthreads 
/usr/bin/ld: cannot find -lpthreads
collect2: error: ld returned 1 exit status
CMakeFiles/cmTC_0ef8c.dir/build.make:97: recipe for target 'cmTC_0ef8c' failed
make[1]: *** [cmTC_0ef8c] Error 1
make[1]: 디렉터리 '/home/sun/SFND_Lidar_Obstacle_Detection/src/quiz/ransac/build/CMakeFiles/CMakeTmp' 나감
Makefile:126: recipe for target 'cmTC_0ef8c/fast' failed
make: *** [cmTC_0ef8c/fast] Error 2


