Determining if the pthread_create exist failed with the following output:
Change Dir: /home/sun/SFND_Lidar_Obstacle_Detection/build/CMakeFiles/CMakeTmp

Run Build Command:"/usr/bin/make" "cmTC_702df/fast"
/usr/bin/make -f CMakeFiles/cmTC_702df.dir/build.make CMakeFiles/cmTC_702df.dir/build
make[1]: 디렉터리 '/home/sun/SFND_Lidar_Obstacle_Detection/build/CMakeFiles/CMakeTmp' 들어감
Building C object CMakeFiles/cmTC_702df.dir/CheckSymbolExists.c.o
/usr/bin/gcc-7    -o CMakeFiles/cmTC_702df.dir/CheckSymbolExists.c.o   -c /home/sun/SFND_Lidar_Obstacle_Detection/build/CMakeFiles/CMakeTmp/CheckSymbolExists.c
Linking C executable cmTC_702df
/usr/bin/cmake -E cmake_link_script CMakeFiles/cmTC_702df.dir/link.txt --verbose=1
/usr/bin/gcc-7      -rdynamic CMakeFiles/cmTC_702df.dir/CheckSymbolExists.c.o  -o cmTC_702df 
CMakeFiles/cmTC_702df.dir/CheckSymbolExists.c.o: In function `main':
CheckSymbolExists.c:(.text+0x1b): undefined reference to `pthread_create'
collect2: error: ld returned 1 exit status
CMakeFiles/cmTC_702df.dir/build.make:97: recipe for target 'cmTC_702df' failed
make[1]: *** [cmTC_702df] Error 1
make[1]: 디렉터리 '/home/sun/SFND_Lidar_Obstacle_Detection/build/CMakeFiles/CMakeTmp' 나감
Makefile:126: recipe for target 'cmTC_702df/fast' failed
make: *** [cmTC_702df/fast] Error 2

File /home/sun/SFND_Lidar_Obstacle_Detection/build/CMakeFiles/CMakeTmp/CheckSymbolExists.c:
/* */
#include <pthread.h>

int main(int argc, char** argv)
{
  (void)argv;
#ifndef pthread_create
  return ((int*)(&pthread_create))[argc];
#else
  (void)argc;
  return 0;
#endif
}

Determining if the function pthread_create exists in the pthreads failed with the following output:
Change Dir: /home/sun/SFND_Lidar_Obstacle_Detection/build/CMakeFiles/CMakeTmp

Run Build Command:"/usr/bin/make" "cmTC_100e3/fast"
/usr/bin/make -f CMakeFiles/cmTC_100e3.dir/build.make CMakeFiles/cmTC_100e3.dir/build
make[1]: 디렉터리 '/home/sun/SFND_Lidar_Obstacle_Detection/build/CMakeFiles/CMakeTmp' 들어감
Building C object CMakeFiles/cmTC_100e3.dir/CheckFunctionExists.c.o
/usr/bin/gcc-7   -DCHECK_FUNCTION_EXISTS=pthread_create   -o CMakeFiles/cmTC_100e3.dir/CheckFunctionExists.c.o   -c /usr/share/cmake-3.10/Modules/CheckFunctionExists.c
Linking C executable cmTC_100e3
/usr/bin/cmake -E cmake_link_script CMakeFiles/cmTC_100e3.dir/link.txt --verbose=1
/usr/bin/gcc-7  -DCHECK_FUNCTION_EXISTS=pthread_create    -rdynamic CMakeFiles/cmTC_100e3.dir/CheckFunctionExists.c.o  -o cmTC_100e3 -lpthreads 
/usr/bin/ld: cannot find -lpthreads
collect2: error: ld returned 1 exit status
CMakeFiles/cmTC_100e3.dir/build.make:97: recipe for target 'cmTC_100e3' failed
make[1]: *** [cmTC_100e3] Error 1
make[1]: 디렉터리 '/home/sun/SFND_Lidar_Obstacle_Detection/build/CMakeFiles/CMakeTmp' 나감
Makefile:126: recipe for target 'cmTC_100e3/fast' failed
make: *** [cmTC_100e3/fast] Error 2


